<?xml version="1.0" encoding="UTF-8"?>
<!-- Generated by org.testng.reporters.JUnitXMLReporter -->
<testsuite ignored="0" hostname="DESKTOP-FG0AV7G" failures="0" tests="4" name="Default test" time="0.071" errors="0" timestamp="2026-02-04T14:47:31 IST">
  <testcase classname="com.TestNG.GroupingInTestNG" name="test1" time="0.013"/>
  <testcase classname="com.TestNG.GroupingInTestNG" name="test2" time="0.003"/>
  <testcase classname="com.TestNG.GroupingInTestNG" name="test3" time="0.002"/>
  <testcase classname="com.TestNG.GroupingInTestNG" name="test4" time="0.002"/>
</testsuite> <!-- Default test -->
