<?xml version="1.0" encoding="UTF-8"?>
<testng-results ignored="0" total="1" passed="1" failed="0" skipped="0">
  <reporter-output>
  </reporter-output>
  <suite started-at="2026-02-04T15:38:32 IST" name="Suite" finished-at="2026-02-04T15:38:43 IST" duration-ms="10693">
    <groups>
    </groups>
    <test started-at="2026-02-04T15:38:32 IST" name="Test" finished-at="2026-02-04T15:38:43 IST" duration-ms="10693">
      <class name="com.TestNG.ParameterizeFile">
        <test-method signature="loginTest(java.lang.String,java.lang.String)[pri:0, instance:com.TestNG.ParameterizeFile@40ef3420]" started-at="2026-02-04T15:38:32 IST" name="loginTest" finished-at="2026-02-04T15:38:43 IST" duration-ms="10557" status="PASS">
          <params>
            <param index="0">
              <value>
                <![CDATA[Swapnil]]>
              </value>
            </param>
            <param index="1">
              <value>
                <![CDATA[Swapnil12345]]>
              </value>
            </param>
          </params>
          <reporter-output>
          </reporter-output>
        </test-method> <!-- loginTest -->
      </class> <!-- com.TestNG.ParameterizeFile -->
    </test> <!-- Test -->
  </suite> <!-- Suite -->
</testng-results>
