<?xml version="1.0" encoding="UTF-8"?>
<!-- Generated by org.testng.reporters.JUnitReportReporter -->
<testsuite hostname="DESKTOP-FG0AV7G" failures="0" tests="5" name="com.TestNG.TestNG_Enabled_Ex" time="0.059" errors="0" timestamp="2026-01-30T22:21:56 IST" skipped="1">
  <testcase classname="com.TestNG.TestNG_Enabled_Ex" name="addEmployee" time="0.039"/>
  <system-out/>
  <testcase classname="com.TestNG.TestNG_Enabled_Ex" name="deleteEmployee" time="0.007"/>
  <system-out/>
  <testcase classname="com.TestNG.TestNG_Enabled_Ex" name="selectEmployee" time="0.003"/>
  <system-out/>
  <testcase classname="com.TestNG.TestNG_Enabled_Ex" name="insertEmployee" time="0.010"/>
  <system-out/>
  <testcase classname="com.TestNG.TestNG_Enabled_Ex" name="UpdateEmployee">
    <skipped/>
  </testcase> <!-- UpdateEmployee -->
  <system-out/>
</testsuite> <!-- com.TestNG.TestNG_Enabled_Ex -->
