<?xml version="1.0" encoding="UTF-8"?>
<!-- Generated by org.testng.reporters.JUnitReportReporter -->
<testsuite hostname="DESKTOP-FG0AV7G" failures="0" tests="5" name="com.TestNG.TestNG_AlphabeticalEx" time="0.041" errors="0" timestamp="2026-01-30T22:13:33 IST" skipped="0">
  <testcase classname="com.TestNG.TestNG_AlphabeticalEx" name="UpdateEmployee" time="0.028"/>
  <system-out/>
  <testcase classname="com.TestNG.TestNG_AlphabeticalEx" name="addEmployee" time="0.003"/>
  <system-out/>
  <testcase classname="com.TestNG.TestNG_AlphabeticalEx" name="insertEmployee" time="0.003"/>
  <system-out/>
  <testcase classname="com.TestNG.TestNG_AlphabeticalEx" name="deleteEmployee" time="0.003"/>
  <system-out/>
  <testcase classname="com.TestNG.TestNG_AlphabeticalEx" name="selectEmployee" time="0.004"/>
  <system-out/>
</testsuite> <!-- com.TestNG.TestNG_AlphabeticalEx -->
