<?xml version="1.0" encoding="UTF-8"?>
<!-- Generated by org.testng.reporters.JUnitReportReporter -->
<testsuite hostname="DESKTOP-FG0AV7G" failures="0" tests="4" name="com.TestNG.GroupingInTestNG" time="0.020" errors="0" timestamp="2026-02-04T14:47:31 IST" skipped="0">
  <testcase classname="com.TestNG.GroupingInTestNG" name="test1" time="0.013"/>
  <system-out/>
  <testcase classname="com.TestNG.GroupingInTestNG" name="test3" time="0.002"/>
  <system-out/>
  <testcase classname="com.TestNG.GroupingInTestNG" name="test4" time="0.002"/>
  <system-out/>
  <testcase classname="com.TestNG.GroupingInTestNG" name="test2" time="0.003"/>
  <system-out/>
</testsuite> <!-- com.TestNG.GroupingInTestNG -->
